#
# There is insufficient memory for the Java Runtime Environment to continue.
# Native memory allocation (malloc) failed to allocate 157456 bytes for Chunk::new
# Possible reasons:
#   The system is out of physical RAM or swap space
#   The process is running with CompressedOops enabled, and the Java Heap may be blocking the growth of the native heap
# Possible solutions:
#   Reduce memory load on the system
#   Increase physical memory or swap space
#   Check if swap backing store is full
#   Decrease Java heap size (-Xmx/-Xms)
#   Decrease number of Java threads
#   Decrease Java thread stack sizes (-Xss)
#   Set larger code cache with -XX:ReservedCodeCacheSize=
#   JVM is running with Zero Based Compressed Oops mode in which the Java heap is
#     placed in the first 32GB address space. The Java Heap base address is the
#     maximum limit for the native heap growth. Please use -XX:HeapBaseMinAddress
#     to set the Java Heap base and to place the Java Heap above 32GB virtual address.
# This output file may be truncated or incomplete.
#
#  Out of Memory Error (arena.cpp:189), pid=31228, tid=29240
#
# JRE version: Java(TM) SE Runtime Environment (17.0.1+12) (build 17.0.1+12-LTS-39)
# Java VM: Java HotSpot(TM) 64-Bit Server VM (17.0.1+12-LTS-39, mixed mode, sharing, tiered, compressed oops, compressed class ptrs, g1 gc, windows-amd64)
# No core dump will be written. Minidumps are not enabled by default on client versions of Windows
#

---------------  S U M M A R Y ------------

Command Line: -javaagent:C:\Program Files\JetBrains\IntelliJ IDEA Community Edition 2023.2.3\lib\idea_rt.jar=58189:C:\Program Files\JetBrains\IntelliJ IDEA Community Edition 2023.2.3\bin -Dfile.encoding=UTF-8 App

Host: Intel(R) Core(TM) i5-8250U CPU @ 1.60GHz, 8 cores, 19G,  Windows 10 , 64 bit Build 19041 (10.0.19041.3636)
Time: Wed Dec 13 19:14:15 2023 Hora estándar romance elapsed time: 0.732579 seconds (0d 0h 0m 0s)

---------------  T H R E A D  ---------------

Current thread (0x000002032f571790):  JavaThread "C2 CompilerThread2" daemon [_thread_in_native, id=29240, stack(0x00000062ba600000,0x00000062ba700000)]


Current CompileTask:
C2:    732  604 % !   4       java.lang.StringUTF16::replace @ 364 (619 bytes)

Stack: [0x00000062ba600000,0x00000062ba700000]
Native frames: (J=compiled Java code, j=interpreted, Vv=VM code, C=native code)
V  [jvm.dll+0x66fa1a]
V  [jvm.dll+0x7ce5a4]
V  [jvm.dll+0x7cfd4e]
V  [jvm.dll+0x7d03b3]
V  [jvm.dll+0x242b05]
V  [jvm.dll+0xaa05b]
V  [jvm.dll+0xaa5ec]
V  [jvm.dll+0x2a953f]
V  [jvm.dll+0x5785a9]
V  [jvm.dll+0x21dd7d]
V  [jvm.dll+0x21e15f]
V  [jvm.dll+0x217a2a]
V  [jvm.dll+0x214f05]
V  [jvm.dll+0x1a168d]
V  [jvm.dll+0x224848]
V  [jvm.dll+0x2229ac]
V  [jvm.dll+0x78435b]
V  [jvm.dll+0x77e91a]
V  [jvm.dll+0x66e845]
C  [ucrtbase.dll+0x21bb2]
C  [KERNEL32.DLL+0x17344]
C  [ntdll.dll+0x526b1]


---------------  P R O C E S S  ---------------

Threads class SMR info:
_java_thread_list=0x000002032f61bad0, length=15, elements={
0x00000203076e3cd0, 0x000002032e8c77d0, 0x000002032e8c8d60, 0x000002032e8d9ea0,
0x000002032e8dc870, 0x000002032e8dd130, 0x000002032e8dd9f0, 0x000002032e8e3ba0,
0x000002032e8e6d70, 0x000002032e8e9680, 0x000002032e8b1720, 0x000002032f582030,
0x000002032f586980, 0x000002032f5705f0, 0x000002032f571790
}

Java Threads: ( => current thread )
  0x00000203076e3cd0 JavaThread "main" [_thread_in_Java, id=31496, stack(0x00000062b9100000,0x00000062b9200000)]
  0x000002032e8c77d0 JavaThread "Reference Handler" daemon [_thread_blocked, id=3576, stack(0x00000062b9800000,0x00000062b9900000)]
  0x000002032e8c8d60 JavaThread "Finalizer" daemon [_thread_blocked, id=2992, stack(0x00000062b9900000,0x00000062b9a00000)]
  0x000002032e8d9ea0 JavaThread "Signal Dispatcher" daemon [_thread_blocked, id=25592, stack(0x00000062b9a00000,0x00000062b9b00000)]
  0x000002032e8dc870 JavaThread "Attach Listener" daemon [_thread_blocked, id=3028, stack(0x00000062b9b00000,0x00000062b9c00000)]
  0x000002032e8dd130 JavaThread "Service Thread" daemon [_thread_blocked, id=20848, stack(0x00000062b9c00000,0x00000062b9d00000)]
  0x000002032e8dd9f0 JavaThread "Monitor Deflation Thread" daemon [_thread_blocked, id=13704, stack(0x00000062b9d00000,0x00000062b9e00000)]
  0x000002032e8e3ba0 JavaThread "C2 CompilerThread0" daemon [_thread_in_native, id=16144, stack(0x00000062b9e00000,0x00000062b9f00000)]
  0x000002032e8e6d70 JavaThread "C1 CompilerThread0" daemon [_thread_in_vm, id=20516, stack(0x00000062b9f00000,0x00000062ba000000)]
  0x000002032e8e9680 JavaThread "Sweeper thread" daemon [_thread_blocked, id=11516, stack(0x00000062ba000000,0x00000062ba100000)]
  0x000002032e8b1720 JavaThread "Common-Cleaner" daemon [_thread_blocked, id=24704, stack(0x00000062ba100000,0x00000062ba200000)]
  0x000002032f582030 JavaThread "Monitor Ctrl-Break" daemon [_thread_in_native, id=20496, stack(0x00000062ba200000,0x00000062ba300000)]
  0x000002032f586980 JavaThread "Notification Thread" daemon [_thread_blocked, id=10164, stack(0x00000062ba300000,0x00000062ba400000)]
  0x000002032f5705f0 JavaThread "C2 CompilerThread1" daemon [_thread_in_native, id=18216, stack(0x00000062ba500000,0x00000062ba600000)]
=>0x000002032f571790 JavaThread "C2 CompilerThread2" daemon [_thread_in_native, id=29240, stack(0x00000062ba600000,0x00000062ba700000)]

Other Threads:
  0x000002032e8bfc50 VMThread "VM Thread" [stack: 0x00000062b9700000,0x00000062b9800000] [id=21832]
  0x000002032f506290 WatcherThread [stack: 0x00000062ba400000,0x00000062ba500000] [id=25680]
  0x0000020307738c10 GCTaskThread "GC Thread#0" [stack: 0x00000062b9200000,0x00000062b9300000] [id=11652]
  0x00000203077449c0 ConcurrentGCThread "G1 Main Marker" [stack: 0x00000062b9300000,0x00000062b9400000] [id=28476]
  0x00000203077452e0 ConcurrentGCThread "G1 Conc#0" [stack: 0x00000062b9400000,0x00000062b9500000] [id=31400]
  0x000002032e790090 ConcurrentGCThread "G1 Refine#0" [stack: 0x00000062b9500000,0x00000062b9600000] [id=11440]
  0x000002032e7908c0 ConcurrentGCThread "G1 Service" [stack: 0x00000062b9600000,0x00000062b9700000] [id=18500]

Threads with active compile tasks:
C2 CompilerThread0      817  612   !   4       java.lang.StringLatin1::replace (291 bytes)
C1 CompilerThread0      818  675       3       java.util.GregorianCalendar::computeFields (1585 bytes)
C2 CompilerThread1      818  624 %     4       org.apache.commons.csv.Lexer::parseEncapsulatedToken @ 5 (287 bytes)
C2 CompilerThread2      818  604 % !   4       java.lang.StringUTF16::replace @ 364 (619 bytes)

VM state: not at safepoint (normal execution)

VM Mutex/Monitor currently owned by a thread: None

Heap address: 0x00000006c1400000, size: 5100 MB, Compressed Oops mode: Zero based, Oop shift amount: 3

CDS archive(s) mapped at: [0x0000000800000000-0x0000000800bc0000-0x0000000800bc0000), size 12320768, SharedBaseAddress: 0x0000000800000000, ArchiveRelocationMode: 0.
Compressed class space mapped at: 0x0000000800c00000-0x0000000840c00000, reserved size: 1073741824
Narrow klass base: 0x0000000800000000, Narrow klass shift: 0, Narrow klass range: 0x100000000

GC Precious Log:
 CPUs: 8 total, 8 available
 Memory: 20389M
 Large Page Support: Disabled
 NUMA Support: Disabled
 Compressed Oops: Enabled (Zero based)
 Heap Region Size: 4M
 Heap Min Capacity: 8M
 Heap Initial Capacity: 320M
 Heap Max Capacity: 5100M
 Pre-touch: Disabled
 Parallel Workers: 8
 Concurrent Workers: 2
 Concurrent Refinement Workers: 8
 Periodic GC: Disabled

Heap:
 garbage-first heap   total 327680K, used 4096K [0x00000006c1400000, 0x0000000800000000)
  region size 4096K, 2 young (8192K), 0 survivors (0K)
 Metaspace       used 1471K, committed 1664K, reserved 1056768K
  class space    used 114K, committed 192K, reserved 1048576K

Heap Regions: E=young(eden), S=young(survivor), O=old, HS=humongous(starts), HC=humongous(continues), CS=collection set, F=free, OA=open archive, CA=closed archive, TAMS=top-at-mark-start (previous, next)
|   0|0x00000006c1400000, 0x00000006c1400000, 0x00000006c1800000|  0%| F|  |TAMS 0x00000006c1400000, 0x00000006c1400000| Untracked 
|   1|0x00000006c1800000, 0x00000006c1800000, 0x00000006c1c00000|  0%| F|  |TAMS 0x00000006c1800000, 0x00000006c1800000| Untracked 
|   2|0x00000006c1c00000, 0x00000006c1c00000, 0x00000006c2000000|  0%| F|  |TAMS 0x00000006c1c00000, 0x00000006c1c00000| Untracked 
|   3|0x00000006c2000000, 0x00000006c2000000, 0x00000006c2400000|  0%| F|  |TAMS 0x00000006c2000000, 0x00000006c2000000| Untracked 
|   4|0x00000006c2400000, 0x00000006c2400000, 0x00000006c2800000|  0%| F|  |TAMS 0x00000006c2400000, 0x00000006c2400000| Untracked 
|   5|0x00000006c2800000, 0x00000006c2800000, 0x00000006c2c00000|  0%| F|  |TAMS 0x00000006c2800000, 0x00000006c2800000| Untracked 
|   6|0x00000006c2c00000, 0x00000006c2c00000, 0x00000006c3000000|  0%| F|  |TAMS 0x00000006c2c00000, 0x00000006c2c00000| Untracked 
|   7|0x00000006c3000000, 0x00000006c3000000, 0x00000006c3400000|  0%| F|  |TAMS 0x00000006c3000000, 0x00000006c3000000| Untracked 
|   8|0x00000006c3400000, 0x00000006c3400000, 0x00000006c3800000|  0%| F|  |TAMS 0x00000006c3400000, 0x00000006c3400000| Untracked 
|   9|0x00000006c3800000, 0x00000006c3800000, 0x00000006c3c00000|  0%| F|  |TAMS 0x00000006c3800000, 0x00000006c3800000| Untracked 
|  10|0x00000006c3c00000, 0x00000006c3c00000, 0x00000006c4000000|  0%| F|  |TAMS 0x00000006c3c00000, 0x00000006c3c00000| Untracked 
|  11|0x00000006c4000000, 0x00000006c4000000, 0x00000006c4400000|  0%| F|  |TAMS 0x00000006c4000000, 0x00000006c4000000| Untracked 
|  12|0x00000006c4400000, 0x00000006c4400000, 0x00000006c4800000|  0%| F|  |TAMS 0x00000006c4400000, 0x00000006c4400000| Untracked 
|  13|0x00000006c4800000, 0x00000006c4800000, 0x00000006c4c00000|  0%| F|  |TAMS 0x00000006c4800000, 0x00000006c4800000| Untracked 
|  14|0x00000006c4c00000, 0x00000006c4c00000, 0x00000006c5000000|  0%| F|  |TAMS 0x00000006c4c00000, 0x00000006c4c00000| Untracked 
|  15|0x00000006c5000000, 0x00000006c5000000, 0x00000006c5400000|  0%| F|  |TAMS 0x00000006c5000000, 0x00000006c5000000| Untracked 
|  16|0x00000006c5400000, 0x00000006c5400000, 0x00000006c5800000|  0%| F|  |TAMS 0x00000006c5400000, 0x00000006c5400000| Untracked 
|  17|0x00000006c5800000, 0x00000006c5800000, 0x00000006c5c00000|  0%| F|  |TAMS 0x00000006c5800000, 0x00000006c5800000| Untracked 
|  18|0x00000006c5c00000, 0x00000006c5c00000, 0x00000006c6000000|  0%| F|  |TAMS 0x00000006c5c00000, 0x00000006c5c00000| Untracked 
|  19|0x00000006c6000000, 0x00000006c6000000, 0x00000006c6400000|  0%| F|  |TAMS 0x00000006c6000000, 0x00000006c6000000| Untracked 
|  20|0x00000006c6400000, 0x00000006c6400000, 0x00000006c6800000|  0%| F|  |TAMS 0x00000006c6400000, 0x00000006c6400000| Untracked 
|  21|0x00000006c6800000, 0x00000006c6800000, 0x00000006c6c00000|  0%| F|  |TAMS 0x00000006c6800000, 0x00000006c6800000| Untracked 
|  22|0x00000006c6c00000, 0x00000006c6c00000, 0x00000006c7000000|  0%| F|  |TAMS 0x00000006c6c00000, 0x00000006c6c00000| Untracked 
|  23|0x00000006c7000000, 0x00000006c7000000, 0x00000006c7400000|  0%| F|  |TAMS 0x00000006c7000000, 0x00000006c7000000| Untracked 
|  24|0x00000006c7400000, 0x00000006c7400000, 0x00000006c7800000|  0%| F|  |TAMS 0x00000006c7400000, 0x00000006c7400000| Untracked 
|  25|0x00000006c7800000, 0x00000006c7800000, 0x00000006c7c00000|  0%| F|  |TAMS 0x00000006c7800000, 0x00000006c7800000| Untracked 
|  26|0x00000006c7c00000, 0x00000006c7c00000, 0x00000006c8000000|  0%| F|  |TAMS 0x00000006c7c00000, 0x00000006c7c00000| Untracked 
|  27|0x00000006c8000000, 0x00000006c8000000, 0x00000006c8400000|  0%| F|  |TAMS 0x00000006c8000000, 0x00000006c8000000| Untracked 
|  28|0x00000006c8400000, 0x00000006c8400000, 0x00000006c8800000|  0%| F|  |TAMS 0x00000006c8400000, 0x00000006c8400000| Untracked 
|  29|0x00000006c8800000, 0x00000006c8800000, 0x00000006c8c00000|  0%| F|  |TAMS 0x00000006c8800000, 0x00000006c8800000| Untracked 
|  30|0x00000006c8c00000, 0x00000006c8c00000, 0x00000006c9000000|  0%| F|  |TAMS 0x00000006c8c00000, 0x00000006c8c00000| Untracked 
|  31|0x00000006c9000000, 0x00000006c9000000, 0x00000006c9400000|  0%| F|  |TAMS 0x00000006c9000000, 0x00000006c9000000| Untracked 
|  32|0x00000006c9400000, 0x00000006c9400000, 0x00000006c9800000|  0%| F|  |TAMS 0x00000006c9400000, 0x00000006c9400000| Untracked 
|  33|0x00000006c9800000, 0x00000006c9800000, 0x00000006c9c00000|  0%| F|  |TAMS 0x00000006c9800000, 0x00000006c9800000| Untracked 
|  34|0x00000006c9c00000, 0x00000006c9c00000, 0x00000006ca000000|  0%| F|  |TAMS 0x00000006c9c00000, 0x00000006c9c00000| Untracked 
|  35|0x00000006ca000000, 0x00000006ca000000, 0x00000006ca400000|  0%| F|  |TAMS 0x00000006ca000000, 0x00000006ca000000| Untracked 
|  36|0x00000006ca400000, 0x00000006ca400000, 0x00000006ca800000|  0%| F|  |TAMS 0x00000006ca400000, 0x00000006ca400000| Untracked 
|  37|0x00000006ca800000, 0x00000006ca800000, 0x00000006cac00000|  0%| F|  |TAMS 0x00000006ca800000, 0x00000006ca800000| Untracked 
|  38|0x00000006cac00000, 0x00000006cac00000, 0x00000006cb000000|  0%| F|  |TAMS 0x00000006cac00000, 0x00000006cac00000| Untracked 
|  39|0x00000006cb000000, 0x00000006cb000000, 0x00000006cb400000|  0%| F|  |TAMS 0x00000006cb000000, 0x00000006cb000000| Untracked 
|  40|0x00000006cb400000, 0x00000006cb400000, 0x00000006cb800000|  0%| F|  |TAMS 0x00000006cb400000, 0x00000006cb400000| Untracked 
|  41|0x00000006cb800000, 0x00000006cb800000, 0x00000006cbc00000|  0%| F|  |TAMS 0x00000006cb800000, 0x00000006cb800000| Untracked 
|  42|0x00000006cbc00000, 0x00000006cbc00000, 0x00000006cc000000|  0%| F|  |TAMS 0x00000006cbc00000, 0x00000006cbc00000| Untracked 
|  43|0x00000006cc000000, 0x00000006cc000000, 0x00000006cc400000|  0%| F|  |TAMS 0x00000006cc000000, 0x00000006cc000000| Untracked 
|  44|0x00000006cc400000, 0x00000006cc400000, 0x00000006cc800000|  0%| F|  |TAMS 0x00000006cc400000, 0x00000006cc400000| Untracked 
|  45|0x00000006cc800000, 0x00000006cc800000, 0x00000006ccc00000|  0%| F|  |TAMS 0x00000006cc800000, 0x00000006cc800000| Untracked 
|  46|0x00000006ccc00000, 0x00000006ccc00000, 0x00000006cd000000|  0%| F|  |TAMS 0x00000006ccc00000, 0x00000006ccc00000| Untracked 
|  47|0x00000006cd000000, 0x00000006cd000000, 0x00000006cd400000|  0%| F|  |TAMS 0x00000006cd000000, 0x00000006cd000000| Untracked 
|  48|0x00000006cd400000, 0x00000006cd400000, 0x00000006cd800000|  0%| F|  |TAMS 0x00000006cd400000, 0x00000006cd400000| Untracked 
|  49|0x00000006cd800000, 0x00000006cd800000, 0x00000006cdc00000|  0%| F|  |TAMS 0x00000006cd800000, 0x00000006cd800000| Untracked 
|  50|0x00000006cdc00000, 0x00000006cdc00000, 0x00000006ce000000|  0%| F|  |TAMS 0x00000006cdc00000, 0x00000006cdc00000| Untracked 
|  51|0x00000006ce000000, 0x00000006ce000000, 0x00000006ce400000|  0%| F|  |TAMS 0x00000006ce000000, 0x00000006ce000000| Untracked 
|  52|0x00000006ce400000, 0x00000006ce400000, 0x00000006ce800000|  0%| F|  |TAMS 0x00000006ce400000, 0x00000006ce400000| Untracked 
|  53|0x00000006ce800000, 0x00000006ce800000, 0x00000006cec00000|  0%| F|  |TAMS 0x00000006ce800000, 0x00000006ce800000| Untracked 
|  54|0x00000006cec00000, 0x00000006cec00000, 0x00000006cf000000|  0%| F|  |TAMS 0x00000006cec00000, 0x00000006cec00000| Untracked 
|  55|0x00000006cf000000, 0x00000006cf000000, 0x00000006cf400000|  0%| F|  |TAMS 0x00000006cf000000, 0x00000006cf000000| Untracked 
|  56|0x00000006cf400000, 0x00000006cf400000, 0x00000006cf800000|  0%| F|  |TAMS 0x00000006cf400000, 0x00000006cf400000| Untracked 
|  57|0x00000006cf800000, 0x00000006cf800000, 0x00000006cfc00000|  0%| F|  |TAMS 0x00000006cf800000, 0x00000006cf800000| Untracked 
|  58|0x00000006cfc00000, 0x00000006cfc00000, 0x00000006d0000000|  0%| F|  |TAMS 0x00000006cfc00000, 0x00000006cfc00000| Untracked 
|  59|0x00000006d0000000, 0x00000006d0000000, 0x00000006d0400000|  0%| F|  |TAMS 0x00000006d0000000, 0x00000006d0000000| Untracked 
|  60|0x00000006d0400000, 0x00000006d0400000, 0x00000006d0800000|  0%| F|  |TAMS 0x00000006d0400000, 0x00000006d0400000| Untracked 
|  61|0x00000006d0800000, 0x00000006d0800000, 0x00000006d0c00000|  0%| F|  |TAMS 0x00000006d0800000, 0x00000006d0800000| Untracked 
|  62|0x00000006d0c00000, 0x00000006d0c00000, 0x00000006d1000000|  0%| F|  |TAMS 0x00000006d0c00000, 0x00000006d0c00000| Untracked 
|  63|0x00000006d1000000, 0x00000006d1000000, 0x00000006d1400000|  0%| F|  |TAMS 0x00000006d1000000, 0x00000006d1000000| Untracked 
|  64|0x00000006d1400000, 0x00000006d1400000, 0x00000006d1800000|  0%| F|  |TAMS 0x00000006d1400000, 0x00000006d1400000| Untracked 
|  65|0x00000006d1800000, 0x00000006d1800000, 0x00000006d1c00000|  0%| F|  |TAMS 0x00000006d1800000, 0x00000006d1800000| Untracked 
|  66|0x00000006d1c00000, 0x00000006d1c00000, 0x00000006d2000000|  0%| F|  |TAMS 0x00000006d1c00000, 0x00000006d1c00000| Untracked 
|  67|0x00000006d2000000, 0x00000006d2000000, 0x00000006d2400000|  0%| F|  |TAMS 0x00000006d2000000, 0x00000006d2000000| Untracked 
|  68|0x00000006d2400000, 0x00000006d2400000, 0x00000006d2800000|  0%| F|  |TAMS 0x00000006d2400000, 0x00000006d2400000| Untracked 
|  69|0x00000006d2800000, 0x00000006d2800000, 0x00000006d2c00000|  0%| F|  |TAMS 0x00000006d2800000, 0x00000006d2800000| Untracked 
|  70|0x00000006d2c00000, 0x00000006d2c00000, 0x00000006d3000000|  0%| F|  |TAMS 0x00000006d2c00000, 0x00000006d2c00000| Untracked 
|  71|0x00000006d3000000, 0x00000006d3000000, 0x00000006d3400000|  0%| F|  |TAMS 0x00000006d3000000, 0x00000006d3000000| Untracked 
|  72|0x00000006d3400000, 0x00000006d3400000, 0x00000006d3800000|  0%| F|  |TAMS 0x00000006d3400000, 0x00000006d3400000| Untracked 
|  73|0x00000006d3800000, 0x00000006d3800000, 0x00000006d3c00000|  0%| F|  |TAMS 0x00000006d3800000, 0x00000006d3800000| Untracked 
|  74|0x00000006d3c00000, 0x00000006d3c00000, 0x00000006d4000000|  0%| F|  |TAMS 0x00000006d3c00000, 0x00000006d3c00000| Untracked 
|  75|0x00000006d4000000, 0x00000006d4000000, 0x00000006d4400000|  0%| F|  |TAMS 0x00000006d4000000, 0x00000006d4000000| Untracked 
|  76|0x00000006d4400000, 0x00000006d4400000, 0x00000006d4800000|  0%| F|  |TAMS 0x00000006d4400000, 0x00000006d4400000| Untracked 
|  77|0x00000006d4800000, 0x00000006d4800000, 0x00000006d4c00000|  0%| F|  |TAMS 0x00000006d4800000, 0x00000006d4800000| Untracked 
|  78|0x00000006d4c00000, 0x00000006d5000000, 0x00000006d5000000|100%| E|  |TAMS 0x00000006d4c00000, 0x00000006d4c00000| Complete 
|  79|0x00000006d5000000, 0x00000006d5400000, 0x00000006d5400000|100%| E|CS|TAMS 0x00000006d5000000, 0x00000006d5000000| Complete 

Card table byte_map: [0x0000020320b30000,0x0000020321530000] _byte_map_base: 0x000002031d526000

Marking Bits (Prev, Next): (CMBitMap*) 0x000002030773a140, (CMBitMap*) 0x000002030773a180
 Prev Bits: [0x0000020321f30000, 0x0000020326ee0000)
 Next Bits: [0x0000020326ee0000, 0x000002032be90000)

Polling page: 0x00000203077c0000

Metaspace:

Usage:
  Non-class:      1.33 MB used.
      Class:    114.90 KB used.
       Both:      1.44 MB used.

Virtual space:
  Non-class space:        8.00 MB reserved,       1.44 MB ( 18%) committed,  1 nodes.
      Class space:        1.00 GB reserved,     192.00 KB ( <1%) committed,  1 nodes.
             Both:        1.01 GB reserved,       1.62 MB ( <1%) committed. 

Chunk freelists:
   Non-Class:  3.80 MB
       Class:  3.70 MB
        Both:  7.50 MB

MaxMetaspaceSize: unlimited
CompressedClassSpaceSize: 1.00 GB
Initial GC threshold: 21.00 MB
Current GC threshold: 21.00 MB
CDS: on
MetaspaceReclaimPolicy: balanced
 - commit_granule_bytes: 65536.
 - commit_granule_words: 8192.
 - virtual_space_node_default_size: 1048576.
 - enlarge_chunks_in_place: 1.
 - new_chunks_are_fully_committed: 0.
 - uncommit_free_chunks: 1.
 - use_allocation_guard: 0.
 - handle_deallocations: 1.


Internal statistics:

num_allocs_failed_limit: 0.
num_arena_births: 34.
num_arena_deaths: 0.
num_vsnodes_births: 2.
num_vsnodes_deaths: 0.
num_space_committed: 26.
num_space_uncommitted: 0.
num_chunks_returned_to_freelist: 0.
num_chunks_taken_from_freelist: 58.
num_chunk_merges: 0.
num_chunk_splits: 33.
num_chunks_enlarged: 17.
num_purges: 0.
num_inconsistent_stats: 0.

CodeHeap 'non-profiled nmethods': size=120000Kb used=212Kb max_used=212Kb free=119788Kb
 bounds [0x00000203181a0000, 0x0000020318410000, 0x000002031f6d0000]
CodeHeap 'profiled nmethods': size=120000Kb used=1149Kb max_used=1149Kb free=118850Kb
 bounds [0x0000020310c70000, 0x0000020310ee0000, 0x00000203181a0000]
CodeHeap 'non-nmethods': size=5760Kb used=1141Kb max_used=1161Kb free=4618Kb
 bounds [0x00000203106d0000, 0x0000020310940000, 0x0000020310c70000]
 total_blobs=1100 nmethods=671 adapters=342
 compilation: enabled
              stopped_count=0, restarted_count=0
 full_count=0

Compilation events (20 events):
Event: 0.712 Thread 0x000002032e8e6d70 nmethod 605 0x0000020310d5d390 code [0x0000020310d5d520, 0x0000020310d5d678]
Event: 0.712 Thread 0x000002032e8e6d70  597       3       java.util.Arrays::copyOf (10 bytes)
Event: 0.712 Thread 0x000002032e8e6d70 nmethod 597 0x0000020310d5d710 code [0x0000020310d5d8c0, 0x0000020310d5da08]
Event: 0.712 Thread 0x000002032e8e6d70  595       3       java.lang.Integer::parseInt (7 bytes)
Event: 0.713 Thread 0x000002032e8e6d70 nmethod 595 0x0000020310d5db10 code [0x0000020310d5dca0, 0x0000020310d5ddc8]
Event: 0.713 Thread 0x000002032e8e6d70  606       3       org.apache.commons.csv.Lexer::parseSimpleToken (160 bytes)
Event: 0.715 Thread 0x000002032e8e6d70 nmethod 606 0x0000020310d5de90 code [0x0000020310d5e140, 0x0000020310d5ece8]
Event: 0.715 Thread 0x000002032e8e6d70  607       3       java.util.Locale::hashCode (41 bytes)
Event: 0.716 Thread 0x000002032e8e6d70 nmethod 607 0x0000020310d5f210 code [0x0000020310d5f3c0, 0x0000020310d5f5d8]
Event: 0.716 Thread 0x000002032e8e6d70  608       3       java.util.GregorianCalendar::getWeekNumber (89 bytes)
Event: 0.716 Thread 0x000002032f5705f0 nmethod 594% 0x00000203181d0d90 code [0x00000203181d0f20, 0x00000203181d1278]
Event: 0.717 Thread 0x000002032e8e6d70 nmethod 608 0x0000020310d5f710 code [0x0000020310d5f8e0, 0x0000020310d5fd68]
Event: 0.717 Thread 0x000002032e8e6d70  609       3       sun.util.calendar.ZoneInfo::getOffsets (342 bytes)
Event: 0.719 Thread 0x000002032e8e6d70 nmethod 609 0x0000020310d5ff10 code [0x0000020310d60180, 0x0000020310d60e48]
Event: 0.719 Thread 0x000002032e8e6d70  610       3       sun.util.calendar.ZoneInfo::getTransitionIndex (156 bytes)
Event: 0.720 Thread 0x000002032e8e6d70 nmethod 610 0x0000020310d61410 code [0x0000020310d615e0, 0x0000020310d61ab8]
Event: 0.720 Thread 0x000002032e8e6d70  611 %     3       sun.nio.cs.UTF_8$Decoder::decodeArrayLoop @ 103 (688 bytes)
Event: 0.721 Thread 0x000002032e8e3ba0 nmethod 596% 0x00000203181d1390 code [0x00000203181d1520, 0x00000203181d18f8]
Event: 0.722 Thread 0x000002032e8e3ba0  612   !   4       java.lang.StringLatin1::replace (291 bytes)
Event: 0.725 Thread 0x000002032f5705f0  624 %     4       org.apache.commons.csv.Lexer::parseEncapsulatedToken @ 5 (287 bytes)

GC Heap History (0 events):
No events

Deoptimization events (20 events):
Event: 0.296 Thread 0x00000203076e3cd0 DEOPT PACKING pc=0x00000203181adecc sp=0x00000062b91fe2c0
Event: 0.296 Thread 0x00000203076e3cd0 DEOPT UNPACKING pc=0x00000203107223a3 sp=0x00000062b91fe230 mode 2
Event: 0.572 Thread 0x00000203076e3cd0 Uncommon trap: trap_request=0xffffff45 fr.pc=0x00000203181bbe40 relative=0x00000000000001a0
Event: 0.572 Thread 0x00000203076e3cd0 Uncommon trap: reason=unstable_if action=reinterpret pc=0x00000203181bbe40 method=java.lang.String.indexOf(II)I @ 4 c2
Event: 0.572 Thread 0x00000203076e3cd0 DEOPT PACKING pc=0x00000203181bbe40 sp=0x00000062b91ff4a0
Event: 0.572 Thread 0x00000203076e3cd0 DEOPT UNPACKING pc=0x00000203107223a3 sp=0x00000062b91ff440 mode 2
Event: 0.614 Thread 0x00000203076e3cd0 Uncommon trap: trap_request=0xffffff45 fr.pc=0x00000203181c3344 relative=0x00000000000002a4
Event: 0.615 Thread 0x00000203076e3cd0 Uncommon trap: reason=unstable_if action=reinterpret pc=0x00000203181c3344 method=java.io.BufferedReader.read()I @ 19 c2
Event: 0.615 Thread 0x00000203076e3cd0 DEOPT PACKING pc=0x00000203181c3344 sp=0x00000062b91ff420
Event: 0.615 Thread 0x00000203076e3cd0 DEOPT UNPACKING pc=0x00000203107223a3 sp=0x00000062b91ff370 mode 2
Event: 0.630 Thread 0x00000203076e3cd0 DEOPT PACKING pc=0x0000020310cb4ce5 sp=0x00000062b91ff370
Event: 0.630 Thread 0x00000203076e3cd0 DEOPT UNPACKING pc=0x0000020310722b43 sp=0x00000062b91fe7c0 mode 0
Event: 0.636 Thread 0x00000203076e3cd0 DEOPT PACKING pc=0x0000020310cb4ce5 sp=0x00000062b91ff360
Event: 0.636 Thread 0x00000203076e3cd0 DEOPT UNPACKING pc=0x0000020310722b43 sp=0x00000062b91fe7b0 mode 0
Event: 0.649 Thread 0x00000203076e3cd0 DEOPT PACKING pc=0x0000020310cb4ce5 sp=0x00000062b91ff370
Event: 0.649 Thread 0x00000203076e3cd0 DEOPT UNPACKING pc=0x0000020310722b43 sp=0x00000062b91fe7c0 mode 0
Event: 0.706 Thread 0x00000203076e3cd0 DEOPT PACKING pc=0x0000020310d1e8eb sp=0x00000062b91ff3b0
Event: 0.706 Thread 0x00000203076e3cd0 DEOPT UNPACKING pc=0x0000020310722b43 sp=0x00000062b91fe860 mode 0
Event: 0.726 Thread 0x00000203076e3cd0 DEOPT PACKING pc=0x0000020310d1e9ae sp=0x00000062b91ff3b0
Event: 0.727 Thread 0x00000203076e3cd0 DEOPT UNPACKING pc=0x0000020310722b43 sp=0x00000062b91fe860 mode 0

Classes unloaded (0 events):
No events

Classes redefined (0 events):
No events

Internal exceptions (2 events):
Event: 0.326 Thread 0x000002032f582030 Exception <a 'java/lang/NoSuchMethodError'{0x00000006d529c798}: 'java.lang.Object java.lang.invoke.DirectMethodHandle$Holder.invokeStaticInit(java.lang.Object)'> (0x00000006d529c798) 
thrown [t:\workspace\open\src\hotspot\share\interpreter\linkResolver.cpp, line 766]
Event: 0.346 Thread 0x000002032f582030 Exception <a 'java/lang/NoSuchMethodError'{0x00000006d52aa4a8}: 'void java.lang.invoke.DirectMethodHandle$Holder.invokeStatic(java.lang.Object, java.lang.Object)'> (0x00000006d52aa4a8) 
thrown [t:\workspace\open\src\hotspot\share\interpreter\linkResolver.cpp, line 766]

VM Operations (4 events):
Event: 0.197 Executing VM operation: HandshakeAllThreads
Event: 0.197 Executing VM operation: HandshakeAllThreads done
Event: 0.323 Executing VM operation: HandshakeAllThreads
Event: 0.323 Executing VM operation: HandshakeAllThreads done

Events (20 events):
Event: 0.491 loading class java/util/spi/ResourceBundleProvider
Event: 0.491 loading class java/util/spi/ResourceBundleProvider done
Event: 0.491 loading class sun/util/resources/LocaleData$LocaleDataResourceBundleProvider done
Event: 0.491 loading class sun/util/resources/LocaleData$CommonResourceBundleProvider done
Event: 0.491 loading class java/util/ArrayList$SubList$1
Event: 0.491 loading class java/util/ArrayList$SubList$1 done
Event: 0.492 loading class sun/util/resources/Bundles$2
Event: 0.492 loading class sun/util/resources/Bundles$2 done
Event: 0.493 loading class java/lang/InstantiationException
Event: 0.493 loading class java/lang/InstantiationException done
Event: 0.493 loading class java/lang/IllegalAccessException
Event: 0.493 loading class java/lang/IllegalAccessException done
Event: 0.563 loading class java/text/ParsePosition
Event: 0.563 loading class java/text/ParsePosition done
Event: 0.563 loading class java/text/CalendarBuilder
Event: 0.563 loading class java/text/CalendarBuilder done
Event: 0.564 loading class jdk/internal/math/FloatingDecimal$ASCIIToBinaryBuffer
Event: 0.564 loading class jdk/internal/math/FloatingDecimal$ASCIIToBinaryBuffer done
Event: 0.590 Thread 0x000002032f5705f0 Thread added: 0x000002032f5705f0
Event: 0.597 Thread 0x000002032f571790 Thread added: 0x000002032f571790


Dynamic libraries:
0x00007ff622920000 - 0x00007ff622930000 	C:\Program Files\Java\jdk-17.0.1\bin\java.exe
0x00007ffc69f90000 - 0x00007ffc6a188000 	C:\WINDOWS\SYSTEM32\ntdll.dll
0x00007ffc68190000 - 0x00007ffc6824d000 	C:\WINDOWS\System32\KERNEL32.DLL
0x00007ffc67ad0000 - 0x00007ffc67dc6000 	C:\WINDOWS\System32\KERNELBASE.dll
0x00007ffc678f0000 - 0x00007ffc679f0000 	C:\WINDOWS\System32\ucrtbase.dll
0x00007ffc62ae0000 - 0x00007ffc62afa000 	C:\Program Files\Java\jdk-17.0.1\bin\VCRUNTIME140.dll
0x00007ffc57ef0000 - 0x00007ffc57f08000 	C:\Program Files\Java\jdk-17.0.1\bin\jli.dll
0x00007ffc691f0000 - 0x00007ffc6929f000 	C:\WINDOWS\System32\ADVAPI32.dll
0x00007ffc68b90000 - 0x00007ffc68c2e000 	C:\WINDOWS\System32\msvcrt.dll
0x00007ffc69380000 - 0x00007ffc6941c000 	C:\WINDOWS\System32\sechost.dll
0x00007ffc68a60000 - 0x00007ffc68b86000 	C:\WINDOWS\System32\RPCRT4.dll
0x00007ffc69660000 - 0x00007ffc697fe000 	C:\WINDOWS\System32\USER32.dll
0x00007ffc679f0000 - 0x00007ffc67a12000 	C:\WINDOWS\System32\win32u.dll
0x00007ffc690e0000 - 0x00007ffc6910c000 	C:\WINDOWS\System32\GDI32.dll
0x00007ffc4ba50000 - 0x00007ffc4bcea000 	C:\WINDOWS\WinSxS\amd64_microsoft.windows.common-controls_6595b64144ccf1df_6.0.19041.3636_none_60b6a03d71f818d5\COMCTL32.dll
0x00007ffc677a0000 - 0x00007ffc678ba000 	C:\WINDOWS\System32\gdi32full.dll
0x00007ffc67700000 - 0x00007ffc6779d000 	C:\WINDOWS\System32\msvcp_win.dll
0x00007ffc5e5d0000 - 0x00007ffc5e5da000 	C:\WINDOWS\SYSTEM32\VERSION.dll
0x00007ffc68250000 - 0x00007ffc68280000 	C:\WINDOWS\System32\IMM32.DLL
0x00007ffc624f0000 - 0x00007ffc624fc000 	C:\Program Files\Java\jdk-17.0.1\bin\vcruntime140_1.dll
0x00007ffc50240000 - 0x00007ffc502cd000 	C:\Program Files\Java\jdk-17.0.1\bin\msvcp140.dll
0x00007ffbfaf70000 - 0x00007ffbfbb2e000 	C:\Program Files\Java\jdk-17.0.1\bin\server\jvm.dll
0x00007ffc68050000 - 0x00007ffc68058000 	C:\WINDOWS\System32\PSAPI.DLL
0x00007ffc3f930000 - 0x00007ffc3f957000 	C:\WINDOWS\SYSTEM32\WINMM.dll
0x00007ffc62b20000 - 0x00007ffc62b29000 	C:\WINDOWS\SYSTEM32\WSOCK32.dll
0x00007ffc69420000 - 0x00007ffc6948b000 	C:\WINDOWS\System32\WS2_32.dll
0x00007ffc65ec0000 - 0x00007ffc65ed2000 	C:\WINDOWS\SYSTEM32\kernel.appcore.dll
0x00007ffc62390000 - 0x00007ffc6239a000 	C:\Program Files\Java\jdk-17.0.1\bin\jimage.dll
0x00007ffc65500000 - 0x00007ffc656e4000 	C:\WINDOWS\SYSTEM32\DBGHELP.DLL
0x00007ffc577b0000 - 0x00007ffc577e4000 	C:\WINDOWS\SYSTEM32\dbgcore.DLL
0x00007ffc67670000 - 0x00007ffc676f2000 	C:\WINDOWS\System32\bcryptPrimitives.dll
0x00007ffc5de90000 - 0x00007ffc5de9e000 	C:\Program Files\Java\jdk-17.0.1\bin\instrument.dll
0x00007ffc57530000 - 0x00007ffc57555000 	C:\Program Files\Java\jdk-17.0.1\bin\java.dll
0x00007ffc441d0000 - 0x00007ffc442a6000 	C:\Program Files\Java\jdk-17.0.1\bin\svml.dll
0x00007ffc69800000 - 0x00007ffc69f44000 	C:\WINDOWS\System32\SHELL32.dll
0x00007ffc65710000 - 0x00007ffc65eab000 	C:\WINDOWS\SYSTEM32\windows.storage.dll
0x00007ffc68cc0000 - 0x00007ffc69014000 	C:\WINDOWS\System32\combase.dll
0x00007ffc66fe0000 - 0x00007ffc6700d000 	C:\WINDOWS\SYSTEM32\Wldp.dll
0x00007ffc689b0000 - 0x00007ffc68a5d000 	C:\WINDOWS\System32\SHCORE.dll
0x00007ffc688d0000 - 0x00007ffc68925000 	C:\WINDOWS\System32\shlwapi.dll
0x00007ffc675a0000 - 0x00007ffc675c5000 	C:\WINDOWS\SYSTEM32\profapi.dll
0x00007ffc57ed0000 - 0x00007ffc57ee8000 	C:\Program Files\Java\jdk-17.0.1\bin\zip.dll
0x00007ffc56f80000 - 0x00007ffc56f99000 	C:\Program Files\Java\jdk-17.0.1\bin\net.dll
0x00007ffc5ee20000 - 0x00007ffc5ef2a000 	C:\WINDOWS\SYSTEM32\WINHTTP.dll
0x00007ffc66d40000 - 0x00007ffc66daa000 	C:\WINDOWS\system32\mswsock.dll
0x00007ffc56f60000 - 0x00007ffc56f75000 	C:\Program Files\Java\jdk-17.0.1\bin\nio.dll
0x00007ffc4f0c0000 - 0x00007ffc4f0da000 	C:\Program Files\JetBrains\IntelliJ IDEA Community Edition 2023.2.3\bin\breakgen64.dll

dbghelp: loaded successfully - version: 4.0.5 - missing functions: none
symbol engine: initialized successfully - sym options: 0x614 - pdb path: .;C:\Program Files\Java\jdk-17.0.1\bin;C:\WINDOWS\SYSTEM32;C:\WINDOWS\WinSxS\amd64_microsoft.windows.common-controls_6595b64144ccf1df_6.0.19041.3636_none_60b6a03d71f818d5;C:\Program Files\Java\jdk-17.0.1\bin\server;C:\Program Files\JetBrains\IntelliJ IDEA Community Edition 2023.2.3\bin

VM Arguments:
jvm_args: -javaagent:C:\Program Files\JetBrains\IntelliJ IDEA Community Edition 2023.2.3\lib\idea_rt.jar=58189:C:\Program Files\JetBrains\IntelliJ IDEA Community Edition 2023.2.3\bin -Dfile.encoding=UTF-8 
java_command: App
java_class_path (initial): C:\Users\henrr\OneDrive\Desktop\DAM2\Acceso Datos\UF1\ConnectBD\juan\target\classes;C:\Users\henrr\.m2\repository\com\oracle\database\jdbc\ojdbc10\19.20.0.0\ojdbc10-19.20.0.0.jar;C:\Users\henrr\.m2\repository\org\apache\commons\commons-csv\1.5\commons-csv-1.5.jar
Launcher Type: SUN_STANDARD

[Global flags]
     intx CICompilerCount                          = 4                                         {product} {ergonomic}
     uint ConcGCThreads                            = 2                                         {product} {ergonomic}
     uint G1ConcRefinementThreads                  = 8                                         {product} {ergonomic}
   size_t G1HeapRegionSize                         = 4194304                                   {product} {ergonomic}
    uintx GCDrainStackTargetSize                   = 64                                        {product} {ergonomic}
   size_t InitialHeapSize                          = 335544320                                 {product} {ergonomic}
   size_t MarkStackSize                            = 4194304                                   {product} {ergonomic}
   size_t MaxHeapSize                              = 5347737600                                {product} {ergonomic}
   size_t MaxNewSize                               = 3208642560                                {product} {ergonomic}
   size_t MinHeapDeltaBytes                        = 4194304                                   {product} {ergonomic}
   size_t MinHeapSize                              = 8388608                                   {product} {ergonomic}
    uintx NonNMethodCodeHeapSize                   = 5839372                                {pd product} {ergonomic}
    uintx NonProfiledCodeHeapSize                  = 122909434                              {pd product} {ergonomic}
    uintx ProfiledCodeHeapSize                     = 122909434                              {pd product} {ergonomic}
    uintx ReservedCodeCacheSize                    = 251658240                              {pd product} {ergonomic}
     bool SegmentedCodeCache                       = true                                      {product} {ergonomic}
   size_t SoftMaxHeapSize                          = 5347737600                             {manageable} {ergonomic}
     bool UseCompressedClassPointers               = true                           {product lp64_product} {ergonomic}
     bool UseCompressedOops                        = true                           {product lp64_product} {ergonomic}
     bool UseG1GC                                  = true                                      {product} {ergonomic}
     bool UseLargePagesIndividualAllocation        = false                                  {pd product} {ergonomic}

Logging:
Log output configuration:
 #0: stdout all=warning uptime,level,tags
 #1: stderr all=off uptime,level,tags

Environment Variables:
JAVA_HOME=C:\Program Files\Java\jdk-17.0.1
PATH=C:\Program Files\Common Files\Oracle\Java\javapath;C:\Program Files (x86)\Common Files\Oracle\Java\javapath;C:\WINDOWS\system32;C:\WINDOWS;C:\WINDOWS\System32\Wbem;C:\WINDOWS\System32\WindowsPowerShell\v1.0\;C:\WINDOWS\System32\OpenSSH\;C:\Program Files\Microsoft SQL Server\130\Tools\Binn\;C:\Program Files\Java\jdk-17.0.1\bin;C:\Program Files\Git\cmd;C:\Program Files\nodejs\;C:\Program Files\dotnet\;C:\Program Files\Java\jdk-17.0.1\bin;C:\Users\henrr\AppData\Local\Microsoft\WindowsApps;C:\Users\henrr\AppData\Roaming\npm;C:\Users\henrr\.dotnet\tools;C:\Users\henrr\AppData\Local\Programs\Microsoft VS Code\bin;C:\Users\henrr\AppData\Local\gitkraken\bin
USERNAME=henrr
OS=Windows_NT
PROCESSOR_IDENTIFIER=Intel64 Family 6 Model 142 Stepping 10, GenuineIntel



---------------  S Y S T E M  ---------------

OS:
 Windows 10 , 64 bit Build 19041 (10.0.19041.3636)
OS uptime: 22 days 22:01 hours

CPU: total 8 (initial active 8) (4 cores per cpu, 2 threads per core) family 6 model 142 stepping 10 microcode 0xea, cx8, cmov, fxsr, ht, mmx, 3dnowpref, sse, sse2, sse3, ssse3, sse4.1, sse4.2, popcnt, lzcnt, tsc, tscinvbit, avx, avx2, aes, erms, clmul, bmi1, bmi2, adx, fma, vzeroupper, clflush, clflushopt

Memory: 4k page, system-wide physical 20389M (4163M free)
TotalPageFile size 22298M (AvailPageFile size 294M)
current process WorkingSet (physical memory assigned to process): 48M, peak: 48M
current process commit charge ("private bytes"): 415M, peak: 415M

vm_info: Java HotSpot(TM) 64-Bit Server VM (17.0.1+12-LTS-39) for windows-amd64 JRE (17.0.1+12-LTS-39), built on Sep 27 2021 18:41:35 by "mach5one" with MS VC++ 16.8 (VS2019)

END.
